<?xml version="1.0" encoding="UTF-8"?>
<!-- Generated by org.testng.reporters.JUnitXMLReporter -->
<testsuite hostname="LAPTOP-KGLF1B8S" ignored="0" name="Test" tests="8" failures="0" timestamp="02 May 2024 11:42:18 GMT" time="17.42" errors="0">
  <testcase name="tc1" time="2.718" classname="org.sample.FaceBook"/>
  <testcase name="tc4" time="5.299" classname="org.sample.FaceBook"/>
  <testcase name="tc6" time="1.117" classname="org.sample.FaceBook"/>
  <testcase name="tc7" time="1.278" classname="org.sample.FaceBook"/>
  <testcase name="tc7" time="1.099" classname="org.sample.FaceBook"/>
  <testcase name="tc7" time="1.039" classname="org.sample.FaceBook"/>
  <testcase name="tc7" time="1.046" classname="org.sample.FaceBook"/>
  <testcase name="tc7" time="1.047" classname="org.sample.FaceBook"/>
</testsuite> <!-- Test -->
